TN:
SF:auth/handler.js
FN:4,(anonymous_0)
FNF:1
FNH:0
FNDA:0,(anonymous_0)
DA:1,1
DA:2,1
DA:4,1
DA:5,0
DA:6,0
DA:7,0
DA:9,0
DA:10,0
DA:17,0
DA:19,0
DA:21,0
DA:28,0
LF:12
LH:3
BRF:0
BRH:0
end_of_record
TN:
SF:dashboard/handler.js
FN:10,(anonymous_0)
FNF:1
FNH:1
FNDA:1,(anonymous_0)
DA:3,1
DA:4,1
DA:10,1
DA:13,1
DA:14,1
DA:23,1
DA:36,1
DA:49,1
DA:62,1
DA:82,1
DA:89,1
DA:96,1
DA:97,1
LF:13
LH:13
BRF:0
BRH:0
end_of_record
TN:
SF:libs/APIError.js
FN:7,(anonymous_0)
FN:31,(anonymous_1)
FNF:2
FNH:2
FNDA:10,(anonymous_0)
FNDA:10,(anonymous_1)
DA:1,3
DA:8,10
DA:9,10
DA:10,10
DA:11,10
DA:12,10
DA:13,10
DA:14,10
DA:15,10
DA:37,10
DA:41,3
LF:11
LH:11
BRDA:33,0,0,0
BRDA:34,1,0,10
BRDA:35,2,0,10
BRF:3
BRH:2
end_of_record
TN:
SF:libs/auth-lib.js
FN:13,assumeCognitoGroupRole
FN:24,login
FN:36,(anonymous_2)
FN:38,(anonymous_3)
FN:48,(anonymous_4)
FNF:5
FNH:0
FNDA:0,assumeCognitoGroupRole
FNDA:0,login
FNDA:0,(anonymous_2)
FNDA:0,(anonymous_3)
FNDA:0,(anonymous_4)
DA:1,1
DA:2,1
DA:3,1
DA:4,1
DA:5,1
DA:7,1
DA:12,1
DA:14,0
DA:15,0
DA:20,0
DA:22,0
DA:25,0
DA:30,0
DA:34,0
DA:36,0
DA:37,0
DA:39,0
DA:46,0
DA:49,0
DA:54,1
LF:20
LH:8
BRF:0
BRH:0
end_of_record
TN:
SF:libs/debug-lib.js
FN:9,debug
FN:16,init
FN:27,flush
FN:28,(anonymous_3)
FNF:4
FNH:4
FNDA:23,debug
FNDA:23,init
FNDA:10,flush
FNDA:10,(anonymous_3)
DA:1,4
DA:2,4
DA:7,4
DA:10,23
DA:17,23
DA:20,23
DA:28,10
DA:29,10
DA:32,4
LF:9
LH:9
BRF:0
BRH:0
end_of_record
TN:
SF:libs/handler-lib.js
FN:4,handler
FN:5,(anonymous_1)
FNF:2
FNH:2
FNDA:12,handler
FNDA:23,(anonymous_1)
DA:1,4
DA:2,4
DA:5,12
DA:7,23
DA:8,23
DA:11,23
DA:12,23
DA:14,23
DA:16,23
DA:17,23
DA:18,13
DA:19,13
DA:20,13
DA:23,10
DA:24,10
DA:25,10
DA:26,10
DA:30,23
DA:42,4
LF:19
LH:19
BRDA:26,0,0,10
BRDA:26,0,1,0
BRF:2
BRH:1
end_of_record
TN:
SF:managedProduct/handler.js
FN:8,(anonymous_0)
FN:23,(anonymous_1)
FN:32,(anonymous_2)
FN:49,(anonymous_3)
FNF:4
FNH:4
FNDA:2,(anonymous_0)
FNDA:2,(anonymous_1)
FNDA:2,(anonymous_2)
FNDA:2,(anonymous_3)
DA:2,1
DA:5,1
DA:6,1
DA:8,1
DA:9,2
DA:10,2
DA:11,1
DA:15,1
DA:20,1
DA:23,1
DA:24,2
DA:25,2
DA:26,1
DA:27,1
DA:29,1
DA:32,1
DA:33,2
DA:34,2
DA:35,2
DA:37,1
DA:40,1
DA:43,1
DA:44,1
DA:45,1
DA:49,1
DA:50,2
DA:51,2
DA:52,1
DA:54,1
DA:60,1
LF:30
LH:30
BRDA:10,0,0,1
BRDA:10,0,1,1
BRDA:25,1,0,1
BRDA:25,1,1,1
BRDA:35,2,0,1
BRDA:35,2,1,1
BRDA:51,3,0,1
BRDA:51,3,1,1
BRF:8
BRH:8
end_of_record
TN:
SF:user/handler.js
FN:12,(anonymous_0)
FN:22,(anonymous_1)
FN:42,(anonymous_2)
FN:45,(anonymous_3)
FN:87,(anonymous_4)
FN:121,(anonymous_5)
FNF:6
FNH:6
FNDA:2,(anonymous_0)
FNDA:3,(anonymous_1)
FNDA:2,(anonymous_2)
FNDA:3,(anonymous_3)
FNDA:2,(anonymous_4)
FNDA:2,(anonymous_5)
DA:2,1
DA:3,1
DA:4,1
DA:5,1
DA:6,1
DA:8,1
DA:12,1
DA:13,2
DA:15,2
DA:16,1
DA:18,1
DA:19,1
DA:22,1
DA:23,3
DA:24,3
DA:26,3
DA:27,1
DA:28,2
DA:29,2
DA:32,1
DA:34,1
DA:37,1
DA:38,1
DA:39,1
DA:40,1
DA:42,2
DA:43,1
DA:45,3
DA:47,1
DA:53,1
DA:58,1
DA:59,1
DA:60,1
DA:61,1
DA:63,1
DA:70,1
DA:72,1
DA:80,1
DA:82,1
DA:83,1
DA:87,1
DA:88,2
DA:89,2
DA:90,2
DA:91,2
DA:92,2
DA:93,1
DA:94,1
DA:95,1
DA:96,1
DA:104,1
DA:105,1
DA:106,1
DA:108,1
DA:109,1
DA:121,1
DA:122,2
DA:123,2
DA:124,2
DA:126,2
DA:127,1
DA:129,1
DA:134,1
DA:135,1
DA:136,1
DA:137,1
DA:139,1
DA:141,1
LF:68
LH:68
BRDA:15,0,0,1
BRDA:15,0,1,1
BRDA:26,1,0,1
BRDA:26,1,1,2
BRDA:37,2,0,1
BRDA:37,2,1,0
BRDA:37,3,0,1
BRDA:37,3,1,1
BRDA:47,4,0,1
BRDA:47,4,1,0
BRF:10
BRH:8
end_of_record
TN:
SF:vendor/handler.js
FN:12,(anonymous_0)
FN:21,(anonymous_1)
FN:26,(anonymous_2)
FNF:3
FNH:3
FNDA:2,(anonymous_0)
FNDA:1,(anonymous_1)
FNDA:2,(anonymous_2)
DA:3,1
DA:5,1
DA:6,1
DA:12,1
DA:13,2
DA:14,2
DA:15,1
DA:17,1
DA:18,1
DA:21,1
DA:22,1
DA:23,1
DA:26,1
DA:27,2
DA:28,2
DA:29,1
DA:31,1
DA:36,1
LF:18
LH:18
BRDA:14,0,0,1
BRDA:14,0,1,1
BRDA:28,1,0,1
BRDA:28,1,1,1
BRF:4
BRH:4
end_of_record
